<?xml version="1.0" encoding="UTF-8"?>
<!-- Generated by org.testng.reporters.JUnitXMLReporter -->
<testsuite hostname="NGBLR-00750" ignored="0" name="Test" tests="4" failures="0" timestamp="24 Jan 2021 11:40:21 GMT" time="0.029" errors="0">
  <testcase name="DeleteTwitter" time="0.006" classname="Vinaya.MavenJava.RestAPITest"/>
  <testcase name="PostJira" time="0.0" classname="Vinaya.MavenJava.RestAPITest"/>
  <testcase name="BrowserAutomation" time="0.0" classname="Vinaya.MavenJava.SeleniumTest"/>
  <testcase name="elementsUI" time="0.0" classname="Vinaya.MavenJava.SeleniumTest"/>
</testsuite> <!-- Test -->
