<?xml version="1.0" encoding="UTF-8"?>
<testng-results skipped="0" failed="0" ignored="0" total="4" passed="4">
  <reporter-output>
  </reporter-output>
  <suite name="Suite" duration-ms="29" started-at="2021-01-24T11:40:21Z" finished-at="2021-01-24T11:40:21Z">
    <groups>
    </groups>
    <test name="Test" duration-ms="29" started-at="2021-01-24T11:40:21Z" finished-at="2021-01-24T11:40:21Z">
      <class name="Vinaya.MavenJava.SeleniumTest">
        <test-method status="PASS" signature="elementsUI()[pri:0, instance:Vinaya.MavenJava.SeleniumTest@31206beb]" name="elementsUI" duration-ms="0" started-at="2021-01-24T11:40:21Z" finished-at="2021-01-24T11:40:21Z">
          <reporter-output>
          </reporter-output>
        </test-method> <!-- elementsUI -->
        <test-method status="PASS" signature="BrowserAutomation()[pri:0, instance:Vinaya.MavenJava.SeleniumTest@31206beb]" name="BrowserAutomation" duration-ms="0" started-at="2021-01-24T11:40:21Z" finished-at="2021-01-24T11:40:21Z">
          <reporter-output>
          </reporter-output>
        </test-method> <!-- BrowserAutomation -->
      </class> <!-- Vinaya.MavenJava.SeleniumTest -->
      <class name="Vinaya.MavenJava.RestAPITest">
        <test-method status="PASS" signature="DeleteTwitter()[pri:0, instance:Vinaya.MavenJava.RestAPITest@1dd02175]" name="DeleteTwitter" duration-ms="6" started-at="2021-01-24T11:40:21Z" finished-at="2021-01-24T11:40:21Z">
          <reporter-output>
          </reporter-output>
        </test-method> <!-- DeleteTwitter -->
        <test-method status="PASS" signature="PostJira()[pri:0, instance:Vinaya.MavenJava.RestAPITest@1dd02175]" name="PostJira" duration-ms="0" started-at="2021-01-24T11:40:21Z" finished-at="2021-01-24T11:40:21Z">
          <reporter-output>
          </reporter-output>
        </test-method> <!-- PostJira -->
      </class> <!-- Vinaya.MavenJava.RestAPITest -->
    </test> <!-- Test -->
  </suite> <!-- Suite -->
</testng-results>
